<?xml version="1.0" encoding="UTF-8" ?>
<testsuite failures="0" time="0" errors="0" skipped="0" tests="1" name="br.com.algarmidia.models.UserTest">
  <properties>
    <property name="java.runtime.name" value="Java(TM) SE Runtime Environment"/>
    <property name="sun.boot.library.path" value="/usr/lib/jvm/java-6-sun-1.6.0.26/jre/lib/i386"/>
    <property name="java.vm.version" value="20.1-b02"/>
    <property name="java.vm.vendor" value="Sun Microsystems Inc."/>
    <property name="java.vendor.url" value="http://java.sun.com/"/>
    <property name="path.separator" value=":"/>
    <property name="java.vm.name" value="Java HotSpot(TM) Server VM"/>
    <property name="file.encoding.pkg" value="sun.io"/>
    <property name="user.country" value="BR"/>
    <property name="sun.java.launcher" value="SUN_STANDARD"/>
    <property name="sun.os.patch.level" value="unknown"/>
    <property name="java.vm.specification.name" value="Java Virtual Machine Specification"/>
    <property name="user.dir" value="/home/sabaum/develop/projetos/ns20/NetSabeBackend"/>
    <property name="java.runtime.version" value="1.6.0_26-b03"/>
    <property name="java.awt.graphicsenv" value="sun.awt.X11GraphicsEnvironment"/>
    <property name="basedir" value="/home/sabaum/develop/projetos/ns20/NetSabeBackend"/>
    <property name="java.endorsed.dirs" value="/usr/lib/jvm/java-6-sun-1.6.0.26/jre/lib/endorsed"/>
    <property name="os.arch" value="i386"/>
    <property name="surefire.real.class.path" value="/tmp/surefirebooter7442449494606540361.jar"/>
    <property name="java.io.tmpdir" value="/tmp"/>
    <property name="line.separator" value="
"/>
    <property name="java.vm.specification.vendor" value="Sun Microsystems Inc."/>
    <property name="os.name" value="Linux"/>
    <property name="sun.jnu.encoding" value="UTF-8"/>
    <property name="java.library.path" value="/usr/lib/jvm/java-6-sun-1.6.0.26/jre/lib/i386/server:/usr/lib/jvm/java-6-sun-1.6.0.26/jre/lib/i386:/usr/lib/jvm/java-6-sun-1.6.0.26/jre/../lib/i386:/usr/java/packages/lib/i386:/lib:/usr/lib"/>
    <property name="surefire.test.class.path" value="/home/sabaum/develop/projetos/ns20/NetSabeBackend/target/test-classes:/home/sabaum/develop/projetos/ns20/NetSabeBackend/src/main/webapp/WEB-INF/classes:/home/sabaum/.m2/repository/br/com/caelum/vraptor/3.3.1/vraptor-3.3.1.jar:/home/sabaum/.m2/repository/cglib/cglib-nodep/2.1_3/cglib-nodep-2.1_3.jar:/home/sabaum/.m2/repository/com/google/guava/guava/r07/guava-r07.jar:/home/sabaum/.m2/repository/org/slf4j/slf4j-api/1.6.1/slf4j-api-1.6.1.jar:/home/sabaum/.m2/repository/org/slf4j/slf4j-log4j12/1.6.1/slf4j-log4j12-1.6.1.jar:/home/sabaum/.m2/repository/log4j/log4j/1.2.16/log4j-1.2.16.jar:/home/sabaum/.m2/repository/net/vidageek/mirror/1.5.1/mirror-1.5.1.jar:/home/sabaum/.m2/repository/org/objenesis/objenesis/1.1/objenesis-1.1.jar:/home/sabaum/.m2/repository/ognl/ognl/2.7.3/ognl-2.7.3.jar:/home/sabaum/.m2/repository/jboss/javassist/3.7.ga/javassist-3.7.ga.jar:/home/sabaum/.m2/repository/com/thoughtworks/paranamer/paranamer/2.2/paranamer-2.2.jar:/home/sabaum/.m2/repository/org/springframework/spring-aop/3.0.5.RELEASE/spring-aop-3.0.5.RELEASE.jar:/home/sabaum/.m2/repository/aopalliance/aopalliance/1.0/aopalliance-1.0.jar:/home/sabaum/.m2/repository/org/springframework/spring-asm/3.0.5.RELEASE/spring-asm-3.0.5.RELEASE.jar:/home/sabaum/.m2/repository/org/springframework/spring-beans/3.0.5.RELEASE/spring-beans-3.0.5.RELEASE.jar:/home/sabaum/.m2/repository/org/springframework/spring-core/3.0.5.RELEASE/spring-core-3.0.5.RELEASE.jar:/home/sabaum/.m2/repository/commons-logging/commons-logging/1.1.1/commons-logging-1.1.1.jar:/home/sabaum/.m2/repository/org/springframework/spring-context/3.0.5.RELEASE/spring-context-3.0.5.RELEASE.jar:/home/sabaum/.m2/repository/org/springframework/spring-expression/3.0.5.RELEASE/spring-expression-3.0.5.RELEASE.jar:/home/sabaum/.m2/repository/org/springframework/spring-web/3.0.5.RELEASE/spring-web-3.0.5.RELEASE.jar:/home/sabaum/.m2/repository/org/aspectj/aspectjrt/1.6.9/aspectjrt-1.6.9.jar:/home/sabaum/.m2/repository/net/sf/scannotation/scannotation/1.0.2/scannotation-1.0.2.jar:/home/sabaum/.m2/repository/javassist/javassist/3.12.0.GA/javassist-3.12.0.GA.jar:/home/sabaum/.m2/repository/jfree/jfreechart/1.0.12/jfreechart-1.0.12.jar:/home/sabaum/.m2/repository/jfree/jcommon/1.0.15/jcommon-1.0.15.jar:/home/sabaum/.m2/repository/org/hsqldb/hsqldb/2.0.0/hsqldb-2.0.0.jar:/home/sabaum/.m2/repository/opensymphony/sitemesh/2.4.2/sitemesh-2.4.2.jar:/home/sabaum/.m2/repository/javax/servlet/jstl/1.2/jstl-1.2.jar:/home/sabaum/.m2/repository/org/hibernate/hibernate-entitymanager/3.6.1.Final/hibernate-entitymanager-3.6.1.Final.jar:/home/sabaum/.m2/repository/org/hibernate/hibernate-core/3.6.1.Final/hibernate-core-3.6.1.Final.jar:/home/sabaum/.m2/repository/antlr/antlr/2.7.6/antlr-2.7.6.jar:/home/sabaum/.m2/repository/commons-collections/commons-collections/3.1/commons-collections-3.1.jar:/home/sabaum/.m2/repository/dom4j/dom4j/1.6.1/dom4j-1.6.1.jar:/home/sabaum/.m2/repository/org/hibernate/hibernate-commons-annotations/3.2.0.Final/hibernate-commons-annotations-3.2.0.Final.jar:/home/sabaum/.m2/repository/org/hibernate/javax/persistence/hibernate-jpa-2.0-api/1.0.0.Final/hibernate-jpa-2.0-api-1.0.0.Final.jar:/home/sabaum/.m2/repository/javax/transaction/jta/1.1/jta-1.1.jar:/home/sabaum/.m2/repository/cglib/cglib/2.2/cglib-2.2.jar:/home/sabaum/.m2/repository/asm/asm/3.1/asm-3.1.jar:/home/sabaum/.m2/repository/org/hibernate/hibernate-validator/4.1.0.Final/hibernate-validator-4.1.0.Final.jar:/home/sabaum/.m2/repository/javax/validation/validation-api/1.0.0.GA/validation-api-1.0.0.GA.jar:/home/sabaum/.m2/repository/joda-time/joda-time/1.6.2/joda-time-1.6.2.jar:/home/sabaum/.m2/repository/org/springframework/spring-test/3.0.5.RELEASE/spring-test-3.0.5.RELEASE.jar:/home/sabaum/.m2/repository/org/springframework/spring-orm/3.0.5.RELEASE/spring-orm-3.0.5.RELEASE.jar:/home/sabaum/.m2/repository/org/springframework/spring-jdbc/3.0.5.RELEASE/spring-jdbc-3.0.5.RELEASE.jar:/home/sabaum/.m2/repository/org/springframework/spring-tx/3.0.5.RELEASE/spring-tx-3.0.5.RELEASE.jar:/home/sabaum/.m2/repository/junit/junit/4.8.2/junit-4.8.2.jar:/home/sabaum/.m2/repository/org/hamcrest/hamcrest-all/1.1/hamcrest-all-1.1.jar:/home/sabaum/.m2/repository/org/mockito/mockito-all/1.8.5/mockito-all-1.8.5.jar:/home/sabaum/.m2/repository/mysql/mysql-connector-java/5.1.17/mysql-connector-java-5.1.17.jar:/home/sabaum/.m2/repository/javax/servlet/servlet-api/2.5/servlet-api-2.5.jar:/home/sabaum/.m2/repository/javax/servlet/jsp/jsp-api/2.1/jsp-api-2.1.jar:"/>
    <property name="java.specification.name" value="Java Platform API Specification"/>
    <property name="java.class.version" value="50.0"/>
    <property name="sun.management.compiler" value="HotSpot Tiered Compilers"/>
    <property name="os.version" value="2.6.38-8-generic-pae"/>
    <property name="user.home" value="/home/sabaum"/>
    <property name="user.timezone" value="America/Sao_Paulo"/>
    <property name="java.awt.printerjob" value="sun.print.PSPrinterJob"/>
    <property name="file.encoding" value="UTF-8"/>
    <property name="java.specification.version" value="1.6"/>
    <property name="user.name" value="sabaum"/>
    <property name="java.class.path" value="/home/sabaum/develop/projetos/ns20/NetSabeBackend/target/test-classes:/home/sabaum/develop/projetos/ns20/NetSabeBackend/src/main/webapp/WEB-INF/classes:/home/sabaum/.m2/repository/br/com/caelum/vraptor/3.3.1/vraptor-3.3.1.jar:/home/sabaum/.m2/repository/cglib/cglib-nodep/2.1_3/cglib-nodep-2.1_3.jar:/home/sabaum/.m2/repository/com/google/guava/guava/r07/guava-r07.jar:/home/sabaum/.m2/repository/org/slf4j/slf4j-api/1.6.1/slf4j-api-1.6.1.jar:/home/sabaum/.m2/repository/org/slf4j/slf4j-log4j12/1.6.1/slf4j-log4j12-1.6.1.jar:/home/sabaum/.m2/repository/log4j/log4j/1.2.16/log4j-1.2.16.jar:/home/sabaum/.m2/repository/net/vidageek/mirror/1.5.1/mirror-1.5.1.jar:/home/sabaum/.m2/repository/org/objenesis/objenesis/1.1/objenesis-1.1.jar:/home/sabaum/.m2/repository/ognl/ognl/2.7.3/ognl-2.7.3.jar:/home/sabaum/.m2/repository/jboss/javassist/3.7.ga/javassist-3.7.ga.jar:/home/sabaum/.m2/repository/com/thoughtworks/paranamer/paranamer/2.2/paranamer-2.2.jar:/home/sabaum/.m2/repository/org/springframework/spring-aop/3.0.5.RELEASE/spring-aop-3.0.5.RELEASE.jar:/home/sabaum/.m2/repository/aopalliance/aopalliance/1.0/aopalliance-1.0.jar:/home/sabaum/.m2/repository/org/springframework/spring-asm/3.0.5.RELEASE/spring-asm-3.0.5.RELEASE.jar:/home/sabaum/.m2/repository/org/springframework/spring-beans/3.0.5.RELEASE/spring-beans-3.0.5.RELEASE.jar:/home/sabaum/.m2/repository/org/springframework/spring-core/3.0.5.RELEASE/spring-core-3.0.5.RELEASE.jar:/home/sabaum/.m2/repository/commons-logging/commons-logging/1.1.1/commons-logging-1.1.1.jar:/home/sabaum/.m2/repository/org/springframework/spring-context/3.0.5.RELEASE/spring-context-3.0.5.RELEASE.jar:/home/sabaum/.m2/repository/org/springframework/spring-expression/3.0.5.RELEASE/spring-expression-3.0.5.RELEASE.jar:/home/sabaum/.m2/repository/org/springframework/spring-web/3.0.5.RELEASE/spring-web-3.0.5.RELEASE.jar:/home/sabaum/.m2/repository/org/aspectj/aspectjrt/1.6.9/aspectjrt-1.6.9.jar:/home/sabaum/.m2/repository/net/sf/scannotation/scannotation/1.0.2/scannotation-1.0.2.jar:/home/sabaum/.m2/repository/javassist/javassist/3.12.0.GA/javassist-3.12.0.GA.jar:/home/sabaum/.m2/repository/jfree/jfreechart/1.0.12/jfreechart-1.0.12.jar:/home/sabaum/.m2/repository/jfree/jcommon/1.0.15/jcommon-1.0.15.jar:/home/sabaum/.m2/repository/org/hsqldb/hsqldb/2.0.0/hsqldb-2.0.0.jar:/home/sabaum/.m2/repository/opensymphony/sitemesh/2.4.2/sitemesh-2.4.2.jar:/home/sabaum/.m2/repository/javax/servlet/jstl/1.2/jstl-1.2.jar:/home/sabaum/.m2/repository/org/hibernate/hibernate-entitymanager/3.6.1.Final/hibernate-entitymanager-3.6.1.Final.jar:/home/sabaum/.m2/repository/org/hibernate/hibernate-core/3.6.1.Final/hibernate-core-3.6.1.Final.jar:/home/sabaum/.m2/repository/antlr/antlr/2.7.6/antlr-2.7.6.jar:/home/sabaum/.m2/repository/commons-collections/commons-collections/3.1/commons-collections-3.1.jar:/home/sabaum/.m2/repository/dom4j/dom4j/1.6.1/dom4j-1.6.1.jar:/home/sabaum/.m2/repository/org/hibernate/hibernate-commons-annotations/3.2.0.Final/hibernate-commons-annotations-3.2.0.Final.jar:/home/sabaum/.m2/repository/org/hibernate/javax/persistence/hibernate-jpa-2.0-api/1.0.0.Final/hibernate-jpa-2.0-api-1.0.0.Final.jar:/home/sabaum/.m2/repository/javax/transaction/jta/1.1/jta-1.1.jar:/home/sabaum/.m2/repository/cglib/cglib/2.2/cglib-2.2.jar:/home/sabaum/.m2/repository/asm/asm/3.1/asm-3.1.jar:/home/sabaum/.m2/repository/org/hibernate/hibernate-validator/4.1.0.Final/hibernate-validator-4.1.0.Final.jar:/home/sabaum/.m2/repository/javax/validation/validation-api/1.0.0.GA/validation-api-1.0.0.GA.jar:/home/sabaum/.m2/repository/joda-time/joda-time/1.6.2/joda-time-1.6.2.jar:/home/sabaum/.m2/repository/org/springframework/spring-test/3.0.5.RELEASE/spring-test-3.0.5.RELEASE.jar:/home/sabaum/.m2/repository/org/springframework/spring-orm/3.0.5.RELEASE/spring-orm-3.0.5.RELEASE.jar:/home/sabaum/.m2/repository/org/springframework/spring-jdbc/3.0.5.RELEASE/spring-jdbc-3.0.5.RELEASE.jar:/home/sabaum/.m2/repository/org/springframework/spring-tx/3.0.5.RELEASE/spring-tx-3.0.5.RELEASE.jar:/home/sabaum/.m2/repository/junit/junit/4.8.2/junit-4.8.2.jar:/home/sabaum/.m2/repository/org/hamcrest/hamcrest-all/1.1/hamcrest-all-1.1.jar:/home/sabaum/.m2/repository/org/mockito/mockito-all/1.8.5/mockito-all-1.8.5.jar:/home/sabaum/.m2/repository/mysql/mysql-connector-java/5.1.17/mysql-connector-java-5.1.17.jar:/home/sabaum/.m2/repository/javax/servlet/servlet-api/2.5/servlet-api-2.5.jar:/home/sabaum/.m2/repository/javax/servlet/jsp/jsp-api/2.1/jsp-api-2.1.jar:"/>
    <property name="java.vm.specification.version" value="1.0"/>
    <property name="sun.arch.data.model" value="32"/>
    <property name="java.home" value="/usr/lib/jvm/java-6-sun-1.6.0.26/jre"/>
    <property name="sun.java.command" value="/tmp/surefirebooter7442449494606540361.jar /tmp/surefire3455482805267919419tmp /tmp/surefire391312818917222629tmp"/>
    <property name="java.specification.vendor" value="Sun Microsystems Inc."/>
    <property name="user.language" value="pt"/>
    <property name="java.vm.info" value="mixed mode"/>
    <property name="java.version" value="1.6.0_26"/>
    <property name="java.ext.dirs" value="/usr/lib/jvm/java-6-sun-1.6.0.26/jre/lib/ext:/usr/java/packages/lib/ext"/>
    <property name="sun.boot.class.path" value="/usr/lib/jvm/java-6-sun-1.6.0.26/jre/lib/resources.jar:/usr/lib/jvm/java-6-sun-1.6.0.26/jre/lib/rt.jar:/usr/lib/jvm/java-6-sun-1.6.0.26/jre/lib/sunrsasign.jar:/usr/lib/jvm/java-6-sun-1.6.0.26/jre/lib/jsse.jar:/usr/lib/jvm/java-6-sun-1.6.0.26/jre/lib/jce.jar:/usr/lib/jvm/java-6-sun-1.6.0.26/jre/lib/charsets.jar:/usr/lib/jvm/java-6-sun-1.6.0.26/jre/lib/modules/jdk.boot.jar:/usr/lib/jvm/java-6-sun-1.6.0.26/jre/classes"/>
    <property name="java.vendor" value="Sun Microsystems Inc."/>
    <property name="localRepository" value="/home/sabaum/.m2/repository"/>
    <property name="file.separator" value="/"/>
    <property name="java.vendor.url.bug" value="http://java.sun.com/cgi-bin/bugreport.cgi"/>
    <property name="sun.cpu.endian" value="little"/>
    <property name="sun.io.unicode.encoding" value="UnicodeLittle"/>
    <property name="sun.desktop" value="gnome"/>
    <property name="sun.cpu.isalist" value=""/>
  </properties>
  <testcase time="0" classname="br.com.algarmidia.models.UserTest" name="fakeTest"/>
</testsuite>